<?xml version="1.0" encoding="UTF-8"?>
<testsuite name="physics2d_from_scratch.CollisionDetectorTest" tests="27" skipped="0" failures="0" errors="0" timestamp="2022-08-13T21:20:08" hostname="DESKTOP-CKG9NME" time="0.071">
  <properties/>
  <testcase name="isPointInBox2DShouldReturnFalseTestOne()" classname="physics2d_from_scratch.CollisionDetectorTest" time="0.048"/>
  <testcase name="isPointInBox2DShouldReturnFalseTestTwo()" classname="physics2d_from_scratch.CollisionDetectorTest" time="0.001"/>
  <testcase name="pointInRotatedShouldReturnFalseTestOne()" classname="physics2d_from_scratch.CollisionDetectorTest" time="0.001"/>
  <testcase name="pointInRotatedShouldReturnFalseTestTwo()" classname="physics2d_from_scratch.CollisionDetectorTest" time="0.001"/>
  <testcase name="isPointOnLine2DShouldReturnTrueTestTwo()" classname="physics2d_from_scratch.CollisionDetectorTest" time="0.001"/>
  <testcase name="isPointInBox2DShouldReturnTrueTestThree()" classname="physics2d_from_scratch.CollisionDetectorTest" time="0.0"/>
  <testcase name="isPointOnLineShouldReturnTrueTestThree()" classname="physics2d_from_scratch.CollisionDetectorTest" time="0.0"/>
  <testcase name="isPointOnLineShouldReturnFalseTestOne()" classname="physics2d_from_scratch.CollisionDetectorTest" time="0.001"/>
  <testcase name="isPointOnLineShouldReturnFalseTestTwo()" classname="physics2d_from_scratch.CollisionDetectorTest" time="0.001"/>
  <testcase name="pointInRotatedBox2DShouldReturnTrueTestOne()" classname="physics2d_from_scratch.CollisionDetectorTest" time="0.0"/>
  <testcase name="isPointInCircleShouldReturnFalseTestOne()" classname="physics2d_from_scratch.CollisionDetectorTest" time="0.001"/>
  <testcase name="isPointInCircleShouldReturnFalseTestTwo()" classname="physics2d_from_scratch.CollisionDetectorTest" time="0.001"/>
  <testcase name="pointOnVerticalLineShouldReturnTrue()" classname="physics2d_from_scratch.CollisionDetectorTest" time="0.0"/>
  <testcase name="pointInRotatedBox2DShouldReturnTrueTestThree()" classname="physics2d_from_scratch.CollisionDetectorTest" time="0.0"/>
  <testcase name="pointInRotatedShouldReturnTrueTestTwo()" classname="physics2d_from_scratch.CollisionDetectorTest" time="0.001"/>
  <testcase name="isPointInBox2DShouldReturnTrueTestFour()" classname="physics2d_from_scratch.CollisionDetectorTest" time="0.0"/>
  <testcase name="isPointInCircleShouldReturnTrueTestOne()" classname="physics2d_from_scratch.CollisionDetectorTest" time="0.001"/>
  <testcase name="isPointInCircleShouldReturnTrueTestTwo()" classname="physics2d_from_scratch.CollisionDetectorTest" time="0.0"/>
  <testcase name="pointInRotatedShouldReturnTrueTestFour()" classname="physics2d_from_scratch.CollisionDetectorTest" time="0.0"/>
  <testcase name="isPointOnLineShouldReturnTrueTestOne()" classname="physics2d_from_scratch.CollisionDetectorTest" time="0.001"/>
  <testcase name="isPointOnLineShouldReturnTrueTestTwo()" classname="physics2d_from_scratch.CollisionDetectorTest" time="0.0"/>
  <testcase name="isPointOnLineShouldReturnTrueTestFour()" classname="physics2d_from_scratch.CollisionDetectorTest" time="0.001"/>
  <testcase name="isPointInCircleShouldReturnTrueTestFive()" classname="physics2d_from_scratch.CollisionDetectorTest" time="0.0"/>
  <testcase name="isPointInCircleShouldReturnTrueTestFour()" classname="physics2d_from_scratch.CollisionDetectorTest" time="0.0"/>
  <testcase name="isPointInBox2DShouldReturnTrueTestOne()" classname="physics2d_from_scratch.CollisionDetectorTest" time="0.001"/>
  <testcase name="isPointInBox2DShouldReturnTrueTestTwo()" classname="physics2d_from_scratch.CollisionDetectorTest" time="0.0"/>
  <testcase name="isPointOnLine2DShouldReturnTrueTest()" classname="physics2d_from_scratch.CollisionDetectorTest" time="0.0"/>
  <system-out><![CDATA[]]></system-out>
  <system-err><![CDATA[]]></system-err>
</testsuite>
